<?xml version="1.0" encoding="UTF-8" ?>
<testsuite errors="0" failures="0" hostname="SHI58495EU1488D" name="com.newco.marketplace.business.businessImpl.provider.OrderGroupProviderEmailTest" skipped="0" tests="1" time="0.261" timestamp="2017-03-24T08:05:47">
  <properties>
    <property name="dir.source" value="C:\SVN\R16_3\MarketBackend/src" />
    <property name="java.vendor" value="Sun Microsystems Inc." />
    <property name="dir.build" value="C:\SVN\R16_3\MarketBackend/build" />
    <property name="sun.java.launcher" value="SUN_STANDARD" />
    <property name="sun.management.compiler" value="HotSpot Client Compiler" />
    <property name="dir.dist" value="C:\SVN\R16_3\MarketBackend/dist" />
    <property name="os.name" value="Windows Vista" />
    <property name="dir.sonar.src" value="C:\SVN\R16_3\MarketBackend/src" />
    <property name="junit-report.dir" value="C:\SVN\R16_3\MarketBackend/MarketBackendReports" />
    <property name="sun.boot.class.path" value="C:\Dev_Tools\jdk1.5.0_16\jre\lib\rt.jar;C:\Dev_Tools\jdk1.5.0_16\jre\lib\i18n.jar;C:\Dev_Tools\jdk1.5.0_16\jre\lib\sunrsasign.jar;C:\Dev_Tools\jdk1.5.0_16\jre\lib\jsse.jar;C:\Dev_Tools\jdk1.5.0_16\jre\lib\jce.jar;C:\Dev_Tools\jdk1.5.0_16\jre\lib\charsets.jar;C:\Dev_Tools\jdk1.5.0_16\jre\classes" />
    <property name="struts2InitialDeployables.lib" value="../ServiceLiveWebUtil/lib/Struts2InitialDeployables" />
    <property name="TODAY" value="March 24 2017" />
    <property name="build.number" value="0" />
    <property name="sun.desktop" value="windows" />
    <property name="java.vm.specification.vendor" value="Sun Microsystems Inc." />
    <property name="dir.product.bin" value="C:\SVN\R16_3\MarketBackend/overall/product/bin" />
    <property name="ant.home" value="C:\Dev_Tools\apache-ant-1.9.7-bin\apache-ant-1.9.7" />
    <property name="java.runtime.version" value="1.5.0_16-b02" />
    <property name="dir.reports" value="C:\SVN\R16_3\MarketBackend/reports" />
    <property name="dir.common.domain.dist" value="../ServiceLiveCommonDomain/target/dist" />
    <property name="dir.coverage.xml" value="C:\SVN\R16_3\MarketBackend/reports/cobertura-xml" />
    <property name="user.name" value="agawand" />
    <property name="dir.dest" value="C:\SVN\R16_3\MarketBackend/bin" />
    <property name="ant.file.MarketBackend" value="C:\SVN\R16_3\MarketBackend\build\build.xml" />
    <property name="dir.market.document.dist" value="../MarketDocument/dist" />
    <property name="dir.resources.ejb" value="C:\SVN\R16_3\MarketBackend/src/resources/ejb" />
    <property name="user.language" value="en" />
    <property name="sun.boot.library.path" value="C:\Dev_Tools\jdk1.5.0_16\jre\bin" />
    <property name="app.lastbuild.tag.auto" value="release_1_0_dev_201703241335" />
    <property name="ant.project.default-target" value="distribute" />
    <property name="dir.sonar.ant.task" value="../SLCommonBuild/lib/nondeployables" />
    <property name="ant.project.name" value="MarketBackend" />
    <property name="DSTAMP" value="20170324" />
    <property name="ant.file.type.MarketFrontend-BuildAll" value="file" />
    <property name="dir.wallet.ServiceLive.Lookup.dist" value="../Wallet/ServiceLive.Lookup/target/dist" />
    <property name="dir.market.bi.dist" value="../MarketBusinessInterface/target/dist" />
    <property name="java.version" value="1.5.0_16" />
    <property name="user.timezone" value="Asia/Calcutta" />
    <property name="dir.overall.base" value="C:\SVN\R16_3\MarketBackend/overall/base" />
    <property name="sun.arch.data.model" value="32" />
    <property name="dir.routingrules.engine.dist" value="../RoutingRulesEngine/target/dist" />
    <property name="dir.base" value="C:\SVN\R16_3\MarketBackend" />
    <property name="java.endorsed.dirs" value="C:\Dev_Tools\jdk1.5.0_16\jre\lib\endorsed" />
    <property name="dir.manifest" value="C:\SVN\R16_3\MarketBackend/META-INF" />
    <property name="sun.cpu.isalist" value="pentium_pro+mmx pentium_pro pentium+mmx pentium i486 i386 i86" />
    <property name="dir.market.common.dist" value="../MarketCommon/dist" />
    <property name="sun.jnu.encoding" value="Cp1252" />
    <property name="file.encoding.pkg" value="sun.io" />
    <property name="dir.service.live.web.util.base" value="../ServiceLiveWebUtil" />
    <property name="file.separator" value="\" />
    <property name="java.specification.name" value="Java Platform API Specification" />
    <property name="env" value="dev" />
    <property name="java.class.version" value="49.0" />
    <property name="ant.file.type.MarketBackend" value="file" />
    <property name="user.country" value="US" />
    <property name="java.home" value="C:\Dev_Tools\jdk1.5.0_16\jre" />
    <property name="endorsed.lib" value="../ServiceLiveWebUtil/lib/deployables" />
    <property name="dir.test.dest" value="C:\SVN\R16_3\MarketBackend/bin/test" />
    <property name="java.vm.info" value="mixed mode" />
    <property name="dir.wallet.ServiceLive.Common.dist" value="../Wallet/ServiceLive.Common/target/dist" />
    <property name="ant.file" value="C:\SVN\R16_3\MarketBackend\build\build.xml" />
    <property name="os.version" value="6.1" />
    <property name="dir.omsstaging.dist" value="../OMSStaging/dist" />
    <property name="deployables.lib" value="../ServiceLiveWebUtil/lib/deployables" />
    <property name="path.separator" value=";" />
    <property name="java.vm.version" value="1.5.0_16-b02" />
    <property name="dir.app" value="C:\SVN\R16_3\MarketBackend/web" />
    <property name="user.variant" value="" />
    <property name="ant.library.dir" value="C:\Dev_Tools\apache-ant-1.9.7-bin\apache-ant-1.9.7\lib" />
    <property name="dir.archive" value="C:\SVN\R16_3\MarketBackend/archive" />
    <property name="java.awt.printerjob" value="sun.awt.windows.WPrinterJob" />
    <property name="sun.io.unicode.encoding" value="UnicodeLittle" />
    <property name="awt.toolkit" value="sun.awt.windows.WToolkit" />
    <property name="dir.work" value="C:\SVN\R16_3\MarketBackend/work" />
    <property name="user.home" value="C:\Users\agawand" />
    <property name="nondeployables.lib" value="../ServiceLiveWebUtil/lib/nondeployables" />
    <property name="dir.test" value="C:\SVN\R16_3\MarketBackend/test" />
    <property name="java.specification.vendor" value="Sun Microsystems Inc." />
    <property name="java.vendor.url" value="http://java.sun.com/" />
    <property name="java.library.path" value="C:\Dev_Tools\jdk1.5.0_16\bin;.;C:\Windows\system32;C:\Windows;C:\Dev_Tools\apache-ant-1.9.7-bin\apache-ant-1.9.7\bin;C:\Windows\system32;C:\Windows;C:\Windows\System32\Wbem;C:\Windows\System32\WindowsPowerShell\v1.0\;C:\Windows\System32\WindowsPowerShell\v1.0\;C:\Program Files\TortoiseSVN\bin;C:\Program Files\nodejs\;C:\Dev_Tools\jdk1.5.0_16\bin;C:\Program Files\McAfee\Solidcore\Tools\GatherInfo;C:\Program Files\McAfee\Solidcore\Tools\Scanalyzer;C:\Program Files\McAfee\Solidcore\;C:\Program Files\McAfee\Solidcore\Tools\ScGetCerts;C:\Dev_Tools\apache-ant-1.9.7-bin\apache-ant-1.9.7\bin;C:\Windows\system32;C:\Windows;C:\Windows\System32\Wbem;C:\Windows\System32\WindowsPowerShell\v1.0\;C:\Windows\System32\WindowsPowerShell\v1.0\;C:\Program Files\TortoiseSVN\bin;C:\Program Files\nodejs\;C:\Dev_Tools\jdk1.8.0_11\bin" />
    <property name="dir.reports.xml" value="C:\SVN\R16_3\MarketBackend/reports/junit-xml" />
    <property name="dir.slCommonBuild.generated" value="../SLCommonBuild/lib/generated" />
    <property name="java.vm.vendor" value="Sun Microsystems Inc." />
    <property name="java.runtime.name" value="Java(TM) 2 Runtime Environment, Standard Edition" />
    <property name="ant.version" value="Apache Ant(TM) version 1.9.7 compiled on April 9 2016" />
    <property name="java.class.path" value="C:\Dev_Tools\apache-ant-1.9.7-bin\apache-ant-1.9.7\lib\ant-launcher.jar;C:\Dev_Tools\apache-ant-1.9.7-bin\apache-ant-1.9.7\lib\ant-antlr.jar;C:\Dev_Tools\apache-ant-1.9.7-bin\apache-ant-1.9.7\lib\ant-apache-bcel.jar;C:\Dev_Tools\apache-ant-1.9.7-bin\apache-ant-1.9.7\lib\ant-apache-bsf.jar;C:\Dev_Tools\apache-ant-1.9.7-bin\apache-ant-1.9.7\lib\ant-apache-log4j.jar;C:\Dev_Tools\apache-ant-1.9.7-bin\apache-ant-1.9.7\lib\ant-apache-oro.jar;C:\Dev_Tools\apache-ant-1.9.7-bin\apache-ant-1.9.7\lib\ant-apache-regexp.jar;C:\Dev_Tools\apache-ant-1.9.7-bin\apache-ant-1.9.7\lib\ant-apache-resolver.jar;C:\Dev_Tools\apache-ant-1.9.7-bin\apache-ant-1.9.7\lib\ant-apache-xalan2.jar;C:\Dev_Tools\apache-ant-1.9.7-bin\apache-ant-1.9.7\lib\ant-commons-logging.jar;C:\Dev_Tools\apache-ant-1.9.7-bin\apache-ant-1.9.7\lib\ant-commons-net.jar;C:\Dev_Tools\apache-ant-1.9.7-bin\apache-ant-1.9.7\lib\ant-jai.jar;C:\Dev_Tools\apache-ant-1.9.7-bin\apache-ant-1.9.7\lib\ant-javamail.jar;C:\Dev_Tools\apache-ant-1.9.7-bin\apache-ant-1.9.7\lib\ant-jdepend.jar;C:\Dev_Tools\apache-ant-1.9.7-bin\apache-ant-1.9.7\lib\ant-jmf.jar;C:\Dev_Tools\apache-ant-1.9.7-bin\apache-ant-1.9.7\lib\ant-jsch.jar;C:\Dev_Tools\apache-ant-1.9.7-bin\apache-ant-1.9.7\lib\ant-junit.jar;C:\Dev_Tools\apache-ant-1.9.7-bin\apache-ant-1.9.7\lib\ant-junit4.jar;C:\Dev_Tools\apache-ant-1.9.7-bin\apache-ant-1.9.7\lib\ant-launcher.jar;C:\Dev_Tools\apache-ant-1.9.7-bin\apache-ant-1.9.7\lib\ant-netrexx.jar;C:\Dev_Tools\apache-ant-1.9.7-bin\apache-ant-1.9.7\lib\ant-swing.jar;C:\Dev_Tools\apache-ant-1.9.7-bin\apache-ant-1.9.7\lib\ant-testutil.jar;C:\Dev_Tools\apache-ant-1.9.7-bin\apache-ant-1.9.7\lib\ant.jar;C:\Dev_Tools\jdk1.5.0_16\lib\tools.jar" />
    <property name="dir.coverage.html" value="C:\SVN\R16_3\MarketBackend/reports/cobertura-html" />
    <property name="TSTAMP" value="1335" />
    <property name="dir.wallet.Wallet.ServiceInterface.dist" value="../Wallet/Wallet.ServiceInterface/target/dist" />
    <property name="java.vm.specification.name" value="Java Virtual Machine Specification" />
    <property name="ant.file.type" value="file" />
    <property name="ant.file.asl-java-sonar" value="C:\SVN\R16_3\SLCommonBuild\ant\opt\ant-script-library\asl-java-sonar.xml" />
    <property name="dir.orderfulfillment.Domain.base" value="../OrderFulfillment/OrderFulfillment.Domain" />
    <property name="java.vm.specification.version" value="1.0" />
    <property name="sun.os.patch.level" value="Service Pack 1" />
    <property name="sun.cpu.endian" value="little" />
    <property name="dir.slCommonBuild.nondeployables" value="../SLCommonBuild/lib/nondeployables" />
    <property name="java.io.tmpdir" value="C:\Users\agawand\AppData\Local\Temp\" />
    <property name="java.vendor.url.bug" value="http://java.sun.com/cgi-bin/bugreport.cgi" />
    <property name="dir.market.webservices.base" value="../MarketWebServices" />
    <property name="dir.market.frontend.base" value="../MarketFrontend" />
    <property name="java.rmi.server.hostname" value="127.0.0.1-Dsl_app_lifecycle=dev" />
    <property name="java.awt.graphicsenv" value="sun.awt.Win32GraphicsEnvironment" />
    <property name="os.arch" value="x86" />
    <property name="dir.instrumented.classes" value="C:\SVN\R16_3\MarketBackend/instrumented" />
    <property name="ant.file.MarketFrontend-BuildAll" value="C:\SVN\R16_3\MarketFrontend\build\buildall.xml" />
    <property name="dir.moving-parts" value="C:\SVN\R16_3\MarketBackend/overall/product/moving-parts" />
    <property name="java.ext.dirs" value="C:\Dev_Tools\jdk1.5.0_16\jre\lib\ext" />
    <property name="user.dir" value="C:\SVN\R16_3\MarketFrontend\build" />
    <property name="dir.reports.html" value="C:\SVN\R16_3\MarketBackend/reports/junit-html" />
    <property name="line.separator" value="&#xd;&#xa;" />
    <property name="java.vm.name" value="Java HotSpot(TM) Client VM" />
    <property name="ant.file.type.asl-java-sonar" value="file" />
    <property name="basedir" value="C:\SVN\R16_3\MarketBackend" />
    <property name="ant.java.version" value="1.5" />
    <property name="ant.core.lib" value="C:\Dev_Tools\apache-ant-1.9.7-bin\apache-ant-1.9.7\lib\ant.jar" />
    <property name="file.encoding" value="Cp1252" />
    <property name="java.specification.version" value="1.5" />
    <property name="ant.project.invoked-targets" value="distribute" />
  </properties>
  <testcase classname="com.newco.marketplace.business.businessImpl.provider.OrderGroupProviderEmailTest" name="testShouldGenerateEmailText2" time="0.257" />
  <system-out><![CDATA[<table>
    <tr><td>1</td><td>123</td></tr>
    <tr><td>2</td><td>345</td></tr>
</table>
null
]]></system-out>
  <system-err><![CDATA[]]></system-err>
</testsuite>
